[0.064s] Invoking command in '/home/persistent_ws/build/micro_ros_msgs': CMAKE_PREFIX_PATH=${CMAKE_PREFIX_PATH}:/home/ros2_ws/install/mavros_control:/opt/ros/humble /usr/bin/cmake --build /home/persistent_ws/build/micro_ros_msgs -- -j4 -l4
[0.240s] [35m[1mConsolidate compiler generated dependencies of target micro_ros_msgs__rosidl_generator_c[0m
[0.281s] [  2%] Built target micro_ros_msgs__cpp
[0.300s] [ 12%] Built target micro_ros_msgs__rosidl_generator_c
[0.338s] [35m[1mConsolidate compiler generated dependencies of target micro_ros_msgs__rosidl_typesupport_introspection_cpp[0m
[0.341s] [ 12%] Built target ament_cmake_python_copy_micro_ros_msgs
[0.341s] [35m[1mConsolidate compiler generated dependencies of target micro_ros_msgs__rosidl_typesupport_fastrtps_cpp[0m
[0.354s] [35m[1mConsolidate compiler generated dependencies of target micro_ros_msgs__rosidl_typesupport_cpp[0m
[0.396s] [35m[1mConsolidate compiler generated dependencies of target micro_ros_msgs__rosidl_typesupport_fastrtps_c[0m
[0.402s] [ 23%] Built target micro_ros_msgs__rosidl_typesupport_introspection_cpp
[0.408s] [ 34%] Built target micro_ros_msgs__rosidl_typesupport_fastrtps_cpp
[0.416s] [ 44%] Built target micro_ros_msgs__rosidl_typesupport_cpp
[0.447s] [35m[1mConsolidate compiler generated dependencies of target micro_ros_msgs__rosidl_typesupport_c[0m
[0.450s] [35m[1mConsolidate compiler generated dependencies of target micro_ros_msgs__rosidl_typesupport_introspection_c[0m
[0.474s] [ 55%] Built target micro_ros_msgs__rosidl_typesupport_fastrtps_c
[0.500s] [ 65%] Built target micro_ros_msgs__rosidl_typesupport_c
[0.508s] [ 76%] Built target micro_ros_msgs__rosidl_typesupport_introspection_c
[0.595s] [ 76%] Built target micro_ros_msgs
[0.683s] [ 78%] Built target micro_ros_msgs__py
[0.722s] [35m[1mConsolidate compiler generated dependencies of target micro_ros_msgs__rosidl_generator_py[0m
[0.773s] [ 87%] Built target micro_ros_msgs__rosidl_generator_py
[0.844s] [35m[1mConsolidate compiler generated dependencies of target micro_ros_msgs__rosidl_typesupport_introspection_c__pyext[0m
[0.864s] [35m[1mConsolidate compiler generated dependencies of target micro_ros_msgs__rosidl_typesupport_c__pyext[0m
[0.867s] [35m[1mConsolidate compiler generated dependencies of target micro_ros_msgs__rosidl_typesupport_fastrtps_c__pyext[0m
[0.914s] [ 91%] Built target micro_ros_msgs__rosidl_typesupport_introspection_c__pyext
[0.943s] [ 95%] Built target micro_ros_msgs__rosidl_typesupport_fastrtps_c__pyext
[0.951s] [100%] Built target micro_ros_msgs__rosidl_typesupport_c__pyext
[1.411s] running egg_info
[1.460s] writing micro_ros_msgs.egg-info/PKG-INFO
[1.462s] writing dependency_links to micro_ros_msgs.egg-info/dependency_links.txt
[1.466s] writing top-level names to micro_ros_msgs.egg-info/top_level.txt
[1.628s] reading manifest file 'micro_ros_msgs.egg-info/SOURCES.txt'
[1.633s] writing manifest file 'micro_ros_msgs.egg-info/SOURCES.txt'
[1.770s] [100%] Built target ament_cmake_python_build_micro_ros_msgs_egg
[1.811s] Invoked command in '/home/persistent_ws/build/micro_ros_msgs' returned '0': CMAKE_PREFIX_PATH=${CMAKE_PREFIX_PATH}:/home/ros2_ws/install/mavros_control:/opt/ros/humble /usr/bin/cmake --build /home/persistent_ws/build/micro_ros_msgs -- -j4 -l4
[1.845s] Invoking command in '/home/persistent_ws/build/micro_ros_msgs': CMAKE_PREFIX_PATH=${CMAKE_PREFIX_PATH}:/home/ros2_ws/install/mavros_control:/opt/ros/humble /usr/bin/cmake --install /home/persistent_ws/build/micro_ros_msgs
[1.870s] -- Install configuration: ""
[1.871s] -- Up-to-date: /home/persistent_ws/install/micro_ros_msgs/share/ament_index/resource_index/rosidl_interfaces/micro_ros_msgs
[1.872s] -- Up-to-date: /home/persistent_ws/install/micro_ros_msgs/include/micro_ros_msgs/micro_ros_msgs
[1.873s] -- Up-to-date: /home/persistent_ws/install/micro_ros_msgs/include/micro_ros_msgs/micro_ros_msgs/msg
[1.873s] -- Up-to-date: /home/persistent_ws/install/micro_ros_msgs/include/micro_ros_msgs/micro_ros_msgs/msg/node.h
[1.874s] -- Up-to-date: /home/persistent_ws/install/micro_ros_msgs/include/micro_ros_msgs/micro_ros_msgs/msg/rosidl_generator_c__visibility_control.h
[1.874s] -- Up-to-date: /home/persistent_ws/install/micro_ros_msgs/include/micro_ros_msgs/micro_ros_msgs/msg/entity.h
[1.875s] -- Up-to-date: /home/persistent_ws/install/micro_ros_msgs/include/micro_ros_msgs/micro_ros_msgs/msg/detail
[1.876s] -- Up-to-date: /home/persistent_ws/install/micro_ros_msgs/include/micro_ros_msgs/micro_ros_msgs/msg/detail/graph__struct.h
[1.876s] -- Up-to-date: /home/persistent_ws/install/micro_ros_msgs/include/micro_ros_msgs/micro_ros_msgs/msg/detail/entity__struct.h
[1.877s] -- Up-to-date: /home/persistent_ws/install/micro_ros_msgs/include/micro_ros_msgs/micro_ros_msgs/msg/detail/graph__functions.c
[1.877s] -- Up-to-date: /home/persistent_ws/install/micro_ros_msgs/include/micro_ros_msgs/micro_ros_msgs/msg/detail/node__struct.h
[1.878s] -- Up-to-date: /home/persistent_ws/install/micro_ros_msgs/include/micro_ros_msgs/micro_ros_msgs/msg/detail/graph__type_support.h
[1.879s] -- Up-to-date: /home/persistent_ws/install/micro_ros_msgs/include/micro_ros_msgs/micro_ros_msgs/msg/detail/entity__functions.c
[1.879s] -- Up-to-date: /home/persistent_ws/install/micro_ros_msgs/include/micro_ros_msgs/micro_ros_msgs/msg/detail/node__functions.c
[1.880s] -- Up-to-date: /home/persistent_ws/install/micro_ros_msgs/include/micro_ros_msgs/micro_ros_msgs/msg/detail/graph__functions.h
[1.880s] -- Up-to-date: /home/persistent_ws/install/micro_ros_msgs/include/micro_ros_msgs/micro_ros_msgs/msg/detail/entity__type_support.h
[1.881s] -- Up-to-date: /home/persistent_ws/install/micro_ros_msgs/include/micro_ros_msgs/micro_ros_msgs/msg/detail/node__type_support.h
[1.882s] -- Up-to-date: /home/persistent_ws/install/micro_ros_msgs/include/micro_ros_msgs/micro_ros_msgs/msg/detail/node__functions.h
[1.882s] -- Up-to-date: /home/persistent_ws/install/micro_ros_msgs/include/micro_ros_msgs/micro_ros_msgs/msg/detail/entity__functions.h
[1.883s] -- Up-to-date: /home/persistent_ws/install/micro_ros_msgs/include/micro_ros_msgs/micro_ros_msgs/msg/graph.h
[1.883s] -- Up-to-date: /home/persistent_ws/install/micro_ros_msgs/share/micro_ros_msgs/environment/library_path.sh
[1.883s] -- Up-to-date: /home/persistent_ws/install/micro_ros_msgs/share/micro_ros_msgs/environment/library_path.dsv
[1.884s] -- Up-to-date: /home/persistent_ws/install/micro_ros_msgs/lib/libmicro_ros_msgs__rosidl_generator_c.so
[1.885s] -- Up-to-date: /home/persistent_ws/install/micro_ros_msgs/include/micro_ros_msgs/micro_ros_msgs
[1.885s] -- Up-to-date: /home/persistent_ws/install/micro_ros_msgs/include/micro_ros_msgs/micro_ros_msgs/msg
[1.886s] -- Up-to-date: /home/persistent_ws/install/micro_ros_msgs/include/micro_ros_msgs/micro_ros_msgs/msg/detail
[1.887s] -- Up-to-date: /home/persistent_ws/install/micro_ros_msgs/include/micro_ros_msgs/micro_ros_msgs/msg/detail/graph__rosidl_typesupport_fastrtps_c.h
[1.887s] -- Up-to-date: /home/persistent_ws/install/micro_ros_msgs/include/micro_ros_msgs/micro_ros_msgs/msg/detail/node__rosidl_typesupport_fastrtps_c.h
[1.888s] -- Up-to-date: /home/persistent_ws/install/micro_ros_msgs/include/micro_ros_msgs/micro_ros_msgs/msg/detail/entity__rosidl_typesupport_fastrtps_c.h
[1.888s] -- Up-to-date: /home/persistent_ws/install/micro_ros_msgs/include/micro_ros_msgs/micro_ros_msgs/msg/rosidl_typesupport_fastrtps_c__visibility_control.h
[1.889s] -- Up-to-date: /home/persistent_ws/install/micro_ros_msgs/lib/libmicro_ros_msgs__rosidl_typesupport_fastrtps_c.so
[1.890s] -- Up-to-date: /home/persistent_ws/install/micro_ros_msgs/include/micro_ros_msgs/micro_ros_msgs
[1.890s] -- Up-to-date: /home/persistent_ws/install/micro_ros_msgs/include/micro_ros_msgs/micro_ros_msgs/msg
[1.891s] -- Up-to-date: /home/persistent_ws/install/micro_ros_msgs/include/micro_ros_msgs/micro_ros_msgs/msg/rosidl_typesupport_introspection_c__visibility_control.h
[1.891s] -- Up-to-date: /home/persistent_ws/install/micro_ros_msgs/include/micro_ros_msgs/micro_ros_msgs/msg/detail
[1.892s] -- Up-to-date: /home/persistent_ws/install/micro_ros_msgs/include/micro_ros_msgs/micro_ros_msgs/msg/detail/entity__type_support.c
[1.892s] -- Up-to-date: /home/persistent_ws/install/micro_ros_msgs/include/micro_ros_msgs/micro_ros_msgs/msg/detail/graph__type_support.c
[1.893s] -- Up-to-date: /home/persistent_ws/install/micro_ros_msgs/include/micro_ros_msgs/micro_ros_msgs/msg/detail/graph__rosidl_typesupport_introspection_c.h
[1.893s] -- Up-to-date: /home/persistent_ws/install/micro_ros_msgs/include/micro_ros_msgs/micro_ros_msgs/msg/detail/node__type_support.c
[1.894s] -- Up-to-date: /home/persistent_ws/install/micro_ros_msgs/include/micro_ros_msgs/micro_ros_msgs/msg/detail/node__rosidl_typesupport_introspection_c.h
[1.894s] -- Up-to-date: /home/persistent_ws/install/micro_ros_msgs/include/micro_ros_msgs/micro_ros_msgs/msg/detail/entity__rosidl_typesupport_introspection_c.h
[1.895s] -- Up-to-date: /home/persistent_ws/install/micro_ros_msgs/lib/libmicro_ros_msgs__rosidl_typesupport_introspection_c.so
[1.896s] -- Up-to-date: /home/persistent_ws/install/micro_ros_msgs/lib/libmicro_ros_msgs__rosidl_typesupport_c.so
[1.897s] -- Up-to-date: /home/persistent_ws/install/micro_ros_msgs/include/micro_ros_msgs/micro_ros_msgs
[1.897s] -- Up-to-date: /home/persistent_ws/install/micro_ros_msgs/include/micro_ros_msgs/micro_ros_msgs/msg
[1.898s] -- Up-to-date: /home/persistent_ws/install/micro_ros_msgs/include/micro_ros_msgs/micro_ros_msgs/msg/graph.hpp
[1.898s] -- Up-to-date: /home/persistent_ws/install/micro_ros_msgs/include/micro_ros_msgs/micro_ros_msgs/msg/node.hpp
[1.899s] -- Up-to-date: /home/persistent_ws/install/micro_ros_msgs/include/micro_ros_msgs/micro_ros_msgs/msg/rosidl_generator_cpp__visibility_control.hpp
[1.899s] -- Up-to-date: /home/persistent_ws/install/micro_ros_msgs/include/micro_ros_msgs/micro_ros_msgs/msg/detail
[1.900s] -- Up-to-date: /home/persistent_ws/install/micro_ros_msgs/include/micro_ros_msgs/micro_ros_msgs/msg/detail/graph__builder.hpp
[1.900s] -- Up-to-date: /home/persistent_ws/install/micro_ros_msgs/include/micro_ros_msgs/micro_ros_msgs/msg/detail/node__builder.hpp
[1.901s] -- Up-to-date: /home/persistent_ws/install/micro_ros_msgs/include/micro_ros_msgs/micro_ros_msgs/msg/detail/graph__struct.hpp
[1.901s] -- Up-to-date: /home/persistent_ws/install/micro_ros_msgs/include/micro_ros_msgs/micro_ros_msgs/msg/detail/entity__struct.hpp
[1.902s] -- Up-to-date: /home/persistent_ws/install/micro_ros_msgs/include/micro_ros_msgs/micro_ros_msgs/msg/detail/graph__traits.hpp
[1.902s] -- Up-to-date: /home/persistent_ws/install/micro_ros_msgs/include/micro_ros_msgs/micro_ros_msgs/msg/detail/node__struct.hpp
[1.903s] -- Up-to-date: /home/persistent_ws/install/micro_ros_msgs/include/micro_ros_msgs/micro_ros_msgs/msg/detail/entity__builder.hpp
[1.903s] -- Up-to-date: /home/persistent_ws/install/micro_ros_msgs/include/micro_ros_msgs/micro_ros_msgs/msg/detail/entity__type_support.hpp
[1.903s] -- Up-to-date: /home/persistent_ws/install/micro_ros_msgs/include/micro_ros_msgs/micro_ros_msgs/msg/detail/entity__traits.hpp
[1.904s] -- Up-to-date: /home/persistent_ws/install/micro_ros_msgs/include/micro_ros_msgs/micro_ros_msgs/msg/detail/node__traits.hpp
[1.904s] -- Up-to-date: /home/persistent_ws/install/micro_ros_msgs/include/micro_ros_msgs/micro_ros_msgs/msg/detail/graph__type_support.hpp
[1.905s] -- Up-to-date: /home/persistent_ws/install/micro_ros_msgs/include/micro_ros_msgs/micro_ros_msgs/msg/detail/node__type_support.hpp
[1.906s] -- Up-to-date: /home/persistent_ws/install/micro_ros_msgs/include/micro_ros_msgs/micro_ros_msgs/msg/entity.hpp
[1.907s] -- Up-to-date: /home/persistent_ws/install/micro_ros_msgs/include/micro_ros_msgs/micro_ros_msgs
[1.907s] -- Up-to-date: /home/persistent_ws/install/micro_ros_msgs/include/micro_ros_msgs/micro_ros_msgs/msg
[1.908s] -- Up-to-date: /home/persistent_ws/install/micro_ros_msgs/include/micro_ros_msgs/micro_ros_msgs/msg/detail
[1.908s] -- Up-to-date: /home/persistent_ws/install/micro_ros_msgs/include/micro_ros_msgs/micro_ros_msgs/msg/detail/dds_fastrtps
[1.909s] -- Up-to-date: /home/persistent_ws/install/micro_ros_msgs/include/micro_ros_msgs/micro_ros_msgs/msg/detail/graph__rosidl_typesupport_fastrtps_cpp.hpp
[1.909s] -- Up-to-date: /home/persistent_ws/install/micro_ros_msgs/include/micro_ros_msgs/micro_ros_msgs/msg/detail/entity__rosidl_typesupport_fastrtps_cpp.hpp
[1.909s] -- Up-to-date: /home/persistent_ws/install/micro_ros_msgs/include/micro_ros_msgs/micro_ros_msgs/msg/detail/node__rosidl_typesupport_fastrtps_cpp.hpp
[1.910s] -- Up-to-date: /home/persistent_ws/install/micro_ros_msgs/include/micro_ros_msgs/micro_ros_msgs/msg/rosidl_typesupport_fastrtps_cpp__visibility_control.h
[1.910s] -- Up-to-date: /home/persistent_ws/install/micro_ros_msgs/lib/libmicro_ros_msgs__rosidl_typesupport_fastrtps_cpp.so
[1.911s] -- Up-to-date: /home/persistent_ws/install/micro_ros_msgs/include/micro_ros_msgs/micro_ros_msgs
[1.911s] -- Up-to-date: /home/persistent_ws/install/micro_ros_msgs/include/micro_ros_msgs/micro_ros_msgs/msg
[1.912s] -- Up-to-date: /home/persistent_ws/install/micro_ros_msgs/include/micro_ros_msgs/micro_ros_msgs/msg/detail
[1.912s] -- Up-to-date: /home/persistent_ws/install/micro_ros_msgs/include/micro_ros_msgs/micro_ros_msgs/msg/detail/node__rosidl_typesupport_introspection_cpp.hpp
[1.913s] -- Up-to-date: /home/persistent_ws/install/micro_ros_msgs/include/micro_ros_msgs/micro_ros_msgs/msg/detail/graph__type_support.cpp
[1.913s] -- Up-to-date: /home/persistent_ws/install/micro_ros_msgs/include/micro_ros_msgs/micro_ros_msgs/msg/detail/entity__rosidl_typesupport_introspection_cpp.hpp
[1.913s] -- Up-to-date: /home/persistent_ws/install/micro_ros_msgs/include/micro_ros_msgs/micro_ros_msgs/msg/detail/node__type_support.cpp
[1.914s] -- Up-to-date: /home/persistent_ws/install/micro_ros_msgs/include/micro_ros_msgs/micro_ros_msgs/msg/detail/entity__type_support.cpp
[1.914s] -- Up-to-date: /home/persistent_ws/install/micro_ros_msgs/include/micro_ros_msgs/micro_ros_msgs/msg/detail/graph__rosidl_typesupport_introspection_cpp.hpp
[1.915s] -- Up-to-date: /home/persistent_ws/install/micro_ros_msgs/lib/libmicro_ros_msgs__rosidl_typesupport_introspection_cpp.so
[1.916s] -- Up-to-date: /home/persistent_ws/install/micro_ros_msgs/lib/libmicro_ros_msgs__rosidl_typesupport_cpp.so
[1.916s] -- Up-to-date: /home/persistent_ws/install/micro_ros_msgs/share/micro_ros_msgs/environment/pythonpath.sh
[1.916s] -- Up-to-date: /home/persistent_ws/install/micro_ros_msgs/share/micro_ros_msgs/environment/pythonpath.dsv
[1.917s] -- Up-to-date: /home/persistent_ws/install/micro_ros_msgs/local/lib/python3.10/dist-packages/micro_ros_msgs-3.0.1-py3.10.egg-info
[1.917s] -- Installing: /home/persistent_ws/install/micro_ros_msgs/local/lib/python3.10/dist-packages/micro_ros_msgs-3.0.1-py3.10.egg-info/top_level.txt
[1.918s] -- Installing: /home/persistent_ws/install/micro_ros_msgs/local/lib/python3.10/dist-packages/micro_ros_msgs-3.0.1-py3.10.egg-info/PKG-INFO
[1.918s] -- Installing: /home/persistent_ws/install/micro_ros_msgs/local/lib/python3.10/dist-packages/micro_ros_msgs-3.0.1-py3.10.egg-info/SOURCES.txt
[1.919s] -- Installing: /home/persistent_ws/install/micro_ros_msgs/local/lib/python3.10/dist-packages/micro_ros_msgs-3.0.1-py3.10.egg-info/dependency_links.txt
[1.919s] -- Up-to-date: /home/persistent_ws/install/micro_ros_msgs/local/lib/python3.10/dist-packages/micro_ros_msgs
[1.920s] -- Up-to-date: /home/persistent_ws/install/micro_ros_msgs/local/lib/python3.10/dist-packages/micro_ros_msgs/_micro_ros_msgs_s.ep.rosidl_typesupport_c.c
[1.920s] -- Up-to-date: /home/persistent_ws/install/micro_ros_msgs/local/lib/python3.10/dist-packages/micro_ros_msgs/msg
[1.920s] -- Up-to-date: /home/persistent_ws/install/micro_ros_msgs/local/lib/python3.10/dist-packages/micro_ros_msgs/msg/_entity.py
[1.921s] -- Up-to-date: /home/persistent_ws/install/micro_ros_msgs/local/lib/python3.10/dist-packages/micro_ros_msgs/msg/__init__.py
[1.921s] -- Up-to-date: /home/persistent_ws/install/micro_ros_msgs/local/lib/python3.10/dist-packages/micro_ros_msgs/msg/_graph.py
[1.922s] -- Up-to-date: /home/persistent_ws/install/micro_ros_msgs/local/lib/python3.10/dist-packages/micro_ros_msgs/msg/_entity_s.c
[1.922s] -- Up-to-date: /home/persistent_ws/install/micro_ros_msgs/local/lib/python3.10/dist-packages/micro_ros_msgs/msg/_node_s.c
[1.923s] -- Up-to-date: /home/persistent_ws/install/micro_ros_msgs/local/lib/python3.10/dist-packages/micro_ros_msgs/msg/_graph_s.c
[1.923s] -- Up-to-date: /home/persistent_ws/install/micro_ros_msgs/local/lib/python3.10/dist-packages/micro_ros_msgs/msg/_node.py
[1.923s] -- Up-to-date: /home/persistent_ws/install/micro_ros_msgs/local/lib/python3.10/dist-packages/micro_ros_msgs/_micro_ros_msgs_s.ep.rosidl_typesupport_introspection_c.c
[1.924s] -- Up-to-date: /home/persistent_ws/install/micro_ros_msgs/local/lib/python3.10/dist-packages/micro_ros_msgs/__init__.py
[1.924s] -- Up-to-date: /home/persistent_ws/install/micro_ros_msgs/local/lib/python3.10/dist-packages/micro_ros_msgs/micro_ros_msgs_s__rosidl_typesupport_fastrtps_c.cpython-310-aarch64-linux-gnu.so
[1.925s] -- Up-to-date: /home/persistent_ws/install/micro_ros_msgs/local/lib/python3.10/dist-packages/micro_ros_msgs/micro_ros_msgs_s__rosidl_typesupport_introspection_c.cpython-310-aarch64-linux-gnu.so
[1.925s] -- Up-to-date: /home/persistent_ws/install/micro_ros_msgs/local/lib/python3.10/dist-packages/micro_ros_msgs/libmicro_ros_msgs__rosidl_generator_py.so
[1.926s] -- Up-to-date: /home/persistent_ws/install/micro_ros_msgs/local/lib/python3.10/dist-packages/micro_ros_msgs/micro_ros_msgs_s__rosidl_typesupport_c.cpython-310-aarch64-linux-gnu.so
[1.926s] -- Up-to-date: /home/persistent_ws/install/micro_ros_msgs/local/lib/python3.10/dist-packages/micro_ros_msgs/_micro_ros_msgs_s.ep.rosidl_typesupport_fastrtps_c.c
[2.038s] Listing '/home/persistent_ws/install/micro_ros_msgs/local/lib/python3.10/dist-packages/micro_ros_msgs'...
[2.039s] Listing '/home/persistent_ws/install/micro_ros_msgs/local/lib/python3.10/dist-packages/micro_ros_msgs/msg'...
[2.063s] -- Up-to-date: /home/persistent_ws/install/micro_ros_msgs/local/lib/python3.10/dist-packages/micro_ros_msgs/micro_ros_msgs_s__rosidl_typesupport_fastrtps_c.cpython-310-aarch64-linux-gnu.so
[2.064s] -- Up-to-date: /home/persistent_ws/install/micro_ros_msgs/local/lib/python3.10/dist-packages/micro_ros_msgs/micro_ros_msgs_s__rosidl_typesupport_introspection_c.cpython-310-aarch64-linux-gnu.so
[2.065s] -- Up-to-date: /home/persistent_ws/install/micro_ros_msgs/local/lib/python3.10/dist-packages/micro_ros_msgs/micro_ros_msgs_s__rosidl_typesupport_c.cpython-310-aarch64-linux-gnu.so
[2.066s] -- Up-to-date: /home/persistent_ws/install/micro_ros_msgs/lib/libmicro_ros_msgs__rosidl_generator_py.so
[2.067s] -- Up-to-date: /home/persistent_ws/install/micro_ros_msgs/share/micro_ros_msgs/msg/Graph.idl
[2.068s] -- Up-to-date: /home/persistent_ws/install/micro_ros_msgs/share/micro_ros_msgs/msg/Node.idl
[2.068s] -- Up-to-date: /home/persistent_ws/install/micro_ros_msgs/share/micro_ros_msgs/msg/Entity.idl
[2.069s] -- Up-to-date: /home/persistent_ws/install/micro_ros_msgs/share/micro_ros_msgs/msg/Graph.msg
[2.070s] -- Up-to-date: /home/persistent_ws/install/micro_ros_msgs/share/micro_ros_msgs/msg/Node.msg
[2.070s] -- Up-to-date: /home/persistent_ws/install/micro_ros_msgs/share/micro_ros_msgs/msg/Entity.msg
[2.071s] -- Up-to-date: /home/persistent_ws/install/micro_ros_msgs/share/ament_index/resource_index/package_run_dependencies/micro_ros_msgs
[2.072s] -- Up-to-date: /home/persistent_ws/install/micro_ros_msgs/share/ament_index/resource_index/parent_prefix_path/micro_ros_msgs
[2.072s] -- Up-to-date: /home/persistent_ws/install/micro_ros_msgs/share/micro_ros_msgs/environment/ament_prefix_path.sh
[2.073s] -- Up-to-date: /home/persistent_ws/install/micro_ros_msgs/share/micro_ros_msgs/environment/ament_prefix_path.dsv
[2.074s] -- Up-to-date: /home/persistent_ws/install/micro_ros_msgs/share/micro_ros_msgs/environment/path.sh
[2.074s] -- Up-to-date: /home/persistent_ws/install/micro_ros_msgs/share/micro_ros_msgs/environment/path.dsv
[2.075s] -- Up-to-date: /home/persistent_ws/install/micro_ros_msgs/share/micro_ros_msgs/local_setup.bash
[2.076s] -- Up-to-date: /home/persistent_ws/install/micro_ros_msgs/share/micro_ros_msgs/local_setup.sh
[2.077s] -- Up-to-date: /home/persistent_ws/install/micro_ros_msgs/share/micro_ros_msgs/local_setup.zsh
[2.078s] -- Up-to-date: /home/persistent_ws/install/micro_ros_msgs/share/micro_ros_msgs/local_setup.dsv
[2.078s] -- Installing: /home/persistent_ws/install/micro_ros_msgs/share/micro_ros_msgs/package.dsv
[2.079s] -- Up-to-date: /home/persistent_ws/install/micro_ros_msgs/share/ament_index/resource_index/packages/micro_ros_msgs
[2.079s] -- Up-to-date: /home/persistent_ws/install/micro_ros_msgs/share/micro_ros_msgs/cmake/export_micro_ros_msgs__rosidl_generator_cExport.cmake
[2.080s] -- Up-to-date: /home/persistent_ws/install/micro_ros_msgs/share/micro_ros_msgs/cmake/export_micro_ros_msgs__rosidl_generator_cExport-noconfig.cmake
[2.080s] -- Up-to-date: /home/persistent_ws/install/micro_ros_msgs/share/micro_ros_msgs/cmake/export_micro_ros_msgs__rosidl_typesupport_fastrtps_cExport.cmake
[2.081s] -- Up-to-date: /home/persistent_ws/install/micro_ros_msgs/share/micro_ros_msgs/cmake/export_micro_ros_msgs__rosidl_typesupport_fastrtps_cExport-noconfig.cmake
[2.082s] -- Up-to-date: /home/persistent_ws/install/micro_ros_msgs/share/micro_ros_msgs/cmake/micro_ros_msgs__rosidl_typesupport_introspection_cExport.cmake
[2.082s] -- Up-to-date: /home/persistent_ws/install/micro_ros_msgs/share/micro_ros_msgs/cmake/micro_ros_msgs__rosidl_typesupport_introspection_cExport-noconfig.cmake
[2.083s] -- Up-to-date: /home/persistent_ws/install/micro_ros_msgs/share/micro_ros_msgs/cmake/micro_ros_msgs__rosidl_typesupport_cExport.cmake
[2.083s] -- Up-to-date: /home/persistent_ws/install/micro_ros_msgs/share/micro_ros_msgs/cmake/micro_ros_msgs__rosidl_typesupport_cExport-noconfig.cmake
[2.084s] -- Up-to-date: /home/persistent_ws/install/micro_ros_msgs/share/micro_ros_msgs/cmake/export_micro_ros_msgs__rosidl_generator_cppExport.cmake
[2.087s] -- Up-to-date: /home/persistent_ws/install/micro_ros_msgs/share/micro_ros_msgs/cmake/export_micro_ros_msgs__rosidl_typesupport_fastrtps_cppExport.cmake
[2.087s] -- Up-to-date: /home/persistent_ws/install/micro_ros_msgs/share/micro_ros_msgs/cmake/export_micro_ros_msgs__rosidl_typesupport_fastrtps_cppExport-noconfig.cmake
[2.088s] -- Up-to-date: /home/persistent_ws/install/micro_ros_msgs/share/micro_ros_msgs/cmake/micro_ros_msgs__rosidl_typesupport_introspection_cppExport.cmake
[2.088s] -- Up-to-date: /home/persistent_ws/install/micro_ros_msgs/share/micro_ros_msgs/cmake/micro_ros_msgs__rosidl_typesupport_introspection_cppExport-noconfig.cmake
[2.089s] -- Up-to-date: /home/persistent_ws/install/micro_ros_msgs/share/micro_ros_msgs/cmake/micro_ros_msgs__rosidl_typesupport_cppExport.cmake
[2.090s] -- Up-to-date: /home/persistent_ws/install/micro_ros_msgs/share/micro_ros_msgs/cmake/micro_ros_msgs__rosidl_typesupport_cppExport-noconfig.cmake
[2.091s] -- Up-to-date: /home/persistent_ws/install/micro_ros_msgs/share/micro_ros_msgs/cmake/export_micro_ros_msgs__rosidl_generator_pyExport.cmake
[2.091s] -- Up-to-date: /home/persistent_ws/install/micro_ros_msgs/share/micro_ros_msgs/cmake/export_micro_ros_msgs__rosidl_generator_pyExport-noconfig.cmake
[2.092s] -- Up-to-date: /home/persistent_ws/install/micro_ros_msgs/share/micro_ros_msgs/cmake/rosidl_cmake-extras.cmake
[2.093s] -- Up-to-date: /home/persistent_ws/install/micro_ros_msgs/share/micro_ros_msgs/cmake/ament_cmake_export_include_directories-extras.cmake
[2.093s] -- Up-to-date: /home/persistent_ws/install/micro_ros_msgs/share/micro_ros_msgs/cmake/ament_cmake_export_libraries-extras.cmake
[2.094s] -- Up-to-date: /home/persistent_ws/install/micro_ros_msgs/share/micro_ros_msgs/cmake/ament_cmake_export_targets-extras.cmake
[2.095s] -- Up-to-date: /home/persistent_ws/install/micro_ros_msgs/share/micro_ros_msgs/cmake/rosidl_cmake_export_typesupport_targets-extras.cmake
[2.095s] -- Up-to-date: /home/persistent_ws/install/micro_ros_msgs/share/micro_ros_msgs/cmake/ament_cmake_export_dependencies-extras.cmake
[2.096s] -- Up-to-date: /home/persistent_ws/install/micro_ros_msgs/share/micro_ros_msgs/cmake/rosidl_cmake_export_typesupport_libraries-extras.cmake
[2.097s] -- Up-to-date: /home/persistent_ws/install/micro_ros_msgs/share/micro_ros_msgs/cmake/micro_ros_msgsConfig.cmake
[2.097s] -- Up-to-date: /home/persistent_ws/install/micro_ros_msgs/share/micro_ros_msgs/cmake/micro_ros_msgsConfig-version.cmake
[2.098s] -- Up-to-date: /home/persistent_ws/install/micro_ros_msgs/share/micro_ros_msgs/package.xml
[2.098s] Invoked command in '/home/persistent_ws/build/micro_ros_msgs' returned '0': CMAKE_PREFIX_PATH=${CMAKE_PREFIX_PATH}:/home/ros2_ws/install/mavros_control:/opt/ros/humble /usr/bin/cmake --install /home/persistent_ws/build/micro_ros_msgs
