[0.617s] DEBUG:colcon:Command line arguments: ['/usr/bin/colcon', 'build', '--packages-up-to', 'micro_ros_agent', '--cmake-args', '-DUAGENT_BUILD_EXECUTABLE=OFF', '-DUAGENT_P2P_PROFILE=OFF', '--no-warn-unused-cli']
[0.617s] DEBUG:colcon:Parsed command line arguments: Namespace(log_base=None, log_level=None, verb_name='build', build_base='build', install_base='install', merge_install=False, symlink_install=False, test_result_base=None, continue_on_error=False, executor='parallel', parallel_workers=4, event_handlers=None, ignore_user_meta=False, metas=['./colcon.meta'], base_paths=['.'], packages_ignore=None, packages_ignore_regex=None, paths=None, packages_up_to=['micro_ros_agent'], packages_up_to_regex=None, packages_above=None, packages_above_and_dependencies=None, packages_above_depth=None, packages_select_by_dep=None, packages_skip_by_dep=None, packages_skip_up_to=None, packages_select_build_failed=False, packages_skip_build_finished=False, packages_select_test_failures=False, packages_skip_test_passed=False, packages_select=None, packages_skip=None, packages_select_regex=None, packages_skip_regex=None, packages_start=None, packages_end=None, cmake_args=['-DUAGENT_BUILD_EXECUTABLE=OFF', '-DUAGENT_P2P_PROFILE=OFF', '--no-warn-unused-cli'], cmake_target=None, cmake_target_skip_unavailable=False, cmake_clean_cache=False, cmake_clean_first=False, cmake_force_configure=False, ament_cmake_args=None, catkin_cmake_args=None, catkin_skip_building_tests=False, mixin_files=None, mixin=None, verb_parser=<colcon_mixin.mixin.mixin_argument.MixinArgumentDecorator object at 0x7fbc946290>, verb_extension=<colcon_core.verb.build.BuildVerb object at 0x7fbca7b7c0>, main=<bound method BuildVerb.main of <colcon_core.verb.build.BuildVerb object at 0x7fbca7b7c0>>, mixin_verb=('build',))
[0.831s] Level 1:colcon.colcon_core.package_discovery:discover_packages(colcon_meta) check parameters
[0.834s] INFO:colcon.colcon_metadata.package_discovery.colcon_meta:Using configuration from '/root/.colcon/metadata/default/Gazebo.meta'
[0.837s] INFO:colcon.colcon_metadata.package_discovery.colcon_meta:Using configuration from '/root/.colcon/metadata/default/fastrtps.meta'
[0.837s] Level 1:colcon.colcon_core.package_discovery:discover_packages(recursive) check parameters
[0.838s] Level 1:colcon.colcon_core.package_discovery:discover_packages(ignore) check parameters
[0.838s] Level 1:colcon.colcon_core.package_discovery:discover_packages(path) check parameters
[0.838s] Level 1:colcon.colcon_core.package_discovery:discover_packages(colcon_meta) discover
[0.838s] Level 1:colcon.colcon_core.package_discovery:discover_packages(recursive) discover
[0.838s] INFO:colcon.colcon_core.package_discovery:Crawling recursively for packages in '/home/persistent_ws'
[0.839s] Level 1:colcon.colcon_core.package_identification:_identify(.) by extensions ['ignore', 'ignore_ament_install']
[0.839s] Level 1:colcon.colcon_core.package_identification:_identify(.) by extension 'ignore'
[0.839s] Level 1:colcon.colcon_core.package_identification:_identify(.) by extension 'ignore_ament_install'
[0.840s] Level 1:colcon.colcon_core.package_identification:_identify(.) by extensions ['colcon_pkg']
[0.840s] Level 1:colcon.colcon_core.package_identification:_identify(.) by extension 'colcon_pkg'
[0.840s] Level 1:colcon.colcon_core.package_identification:_identify(.) by extensions ['colcon_meta']
[0.840s] Level 1:colcon.colcon_core.package_identification:_identify(.) by extension 'colcon_meta'
[0.840s] Level 1:colcon.colcon_core.package_identification:_identify(.) by extensions ['ros']
[0.841s] Level 1:colcon.colcon_core.package_identification:_identify(.) by extension 'ros'
[0.912s] Level 1:colcon.colcon_core.package_identification:_identify(.) by extensions ['cmake', 'python']
[0.912s] Level 1:colcon.colcon_core.package_identification:_identify(.) by extension 'cmake'
[0.913s] Level 1:colcon.colcon_core.package_identification:_identify(.) by extension 'python'
[0.913s] Level 1:colcon.colcon_core.package_identification:_identify(.) by extensions ['python_setup_py']
[0.913s] Level 1:colcon.colcon_core.package_identification:_identify(.) by extension 'python_setup_py'
[0.913s] Level 1:colcon.colcon_core.package_identification:_identify(build) by extensions ['ignore', 'ignore_ament_install']
[0.914s] Level 1:colcon.colcon_core.package_identification:_identify(build) by extension 'ignore'
[0.914s] Level 1:colcon.colcon_core.package_identification:_identify(build) ignored
[0.915s] Level 1:colcon.colcon_core.package_identification:_identify(install) by extensions ['ignore', 'ignore_ament_install']
[0.915s] Level 1:colcon.colcon_core.package_identification:_identify(install) by extension 'ignore'
[0.915s] Level 1:colcon.colcon_core.package_identification:_identify(install) ignored
[0.916s] Level 1:colcon.colcon_core.package_identification:_identify(log) by extensions ['ignore', 'ignore_ament_install']
[0.916s] Level 1:colcon.colcon_core.package_identification:_identify(log) by extension 'ignore'
[0.916s] Level 1:colcon.colcon_core.package_identification:_identify(log) ignored
[0.916s] Level 1:colcon.colcon_core.package_identification:_identify(src) by extensions ['ignore', 'ignore_ament_install']
[0.917s] Level 1:colcon.colcon_core.package_identification:_identify(src) by extension 'ignore'
[0.917s] Level 1:colcon.colcon_core.package_identification:_identify(src) by extension 'ignore_ament_install'
[0.917s] Level 1:colcon.colcon_core.package_identification:_identify(src) by extensions ['colcon_pkg']
[0.917s] Level 1:colcon.colcon_core.package_identification:_identify(src) by extension 'colcon_pkg'
[0.917s] Level 1:colcon.colcon_core.package_identification:_identify(src) by extensions ['colcon_meta']
[0.918s] Level 1:colcon.colcon_core.package_identification:_identify(src) by extension 'colcon_meta'
[0.918s] Level 1:colcon.colcon_core.package_identification:_identify(src) by extensions ['ros']
[0.918s] Level 1:colcon.colcon_core.package_identification:_identify(src) by extension 'ros'
[0.918s] Level 1:colcon.colcon_core.package_identification:_identify(src) by extensions ['cmake', 'python']
[0.918s] Level 1:colcon.colcon_core.package_identification:_identify(src) by extension 'cmake'
[0.919s] Level 1:colcon.colcon_core.package_identification:_identify(src) by extension 'python'
[0.919s] Level 1:colcon.colcon_core.package_identification:_identify(src) by extensions ['python_setup_py']
[0.919s] Level 1:colcon.colcon_core.package_identification:_identify(src) by extension 'python_setup_py'
[0.919s] Level 1:colcon.colcon_core.package_identification:_identify(src/micro_ros_setup) by extensions ['ignore', 'ignore_ament_install']
[0.920s] Level 1:colcon.colcon_core.package_identification:_identify(src/micro_ros_setup) by extension 'ignore'
[0.920s] Level 1:colcon.colcon_core.package_identification:_identify(src/micro_ros_setup) by extension 'ignore_ament_install'
[0.921s] Level 1:colcon.colcon_core.package_identification:_identify(src/micro_ros_setup) by extensions ['colcon_pkg']
[0.921s] Level 1:colcon.colcon_core.package_identification:_identify(src/micro_ros_setup) by extension 'colcon_pkg'
[0.921s] Level 1:colcon.colcon_core.package_identification:_identify(src/micro_ros_setup) by extensions ['colcon_meta']
[0.921s] Level 1:colcon.colcon_core.package_identification:_identify(src/micro_ros_setup) by extension 'colcon_meta'
[0.922s] Level 1:colcon.colcon_core.package_identification:_identify(src/micro_ros_setup) by extensions ['ros']
[0.922s] Level 1:colcon.colcon_core.package_identification:_identify(src/micro_ros_setup) by extension 'ros'
[0.934s] DEBUG:colcon.colcon_core.package_identification:Package 'src/micro_ros_setup' with type 'ros.ament_cmake' and name 'micro_ros_setup'
[0.934s] Level 1:colcon.colcon_core.package_identification:_identify(src/uros) by extensions ['ignore', 'ignore_ament_install']
[0.935s] Level 1:colcon.colcon_core.package_identification:_identify(src/uros) by extension 'ignore'
[0.935s] Level 1:colcon.colcon_core.package_identification:_identify(src/uros) by extension 'ignore_ament_install'
[0.935s] Level 1:colcon.colcon_core.package_identification:_identify(src/uros) by extensions ['colcon_pkg']
[0.935s] Level 1:colcon.colcon_core.package_identification:_identify(src/uros) by extension 'colcon_pkg'
[0.935s] Level 1:colcon.colcon_core.package_identification:_identify(src/uros) by extensions ['colcon_meta']
[0.936s] Level 1:colcon.colcon_core.package_identification:_identify(src/uros) by extension 'colcon_meta'
[0.936s] Level 1:colcon.colcon_core.package_identification:_identify(src/uros) by extensions ['ros']
[0.936s] Level 1:colcon.colcon_core.package_identification:_identify(src/uros) by extension 'ros'
[0.936s] Level 1:colcon.colcon_core.package_identification:_identify(src/uros) by extensions ['cmake', 'python']
[0.937s] Level 1:colcon.colcon_core.package_identification:_identify(src/uros) by extension 'cmake'
[0.937s] Level 1:colcon.colcon_core.package_identification:_identify(src/uros) by extension 'python'
[0.937s] Level 1:colcon.colcon_core.package_identification:_identify(src/uros) by extensions ['python_setup_py']
[0.937s] Level 1:colcon.colcon_core.package_identification:_identify(src/uros) by extension 'python_setup_py'
[0.938s] Level 1:colcon.colcon_core.package_identification:_identify(src/uros/micro-ROS-Agent) by extensions ['ignore', 'ignore_ament_install']
[0.938s] Level 1:colcon.colcon_core.package_identification:_identify(src/uros/micro-ROS-Agent) by extension 'ignore'
[0.938s] Level 1:colcon.colcon_core.package_identification:_identify(src/uros/micro-ROS-Agent) by extension 'ignore_ament_install'
[0.938s] Level 1:colcon.colcon_core.package_identification:_identify(src/uros/micro-ROS-Agent) by extensions ['colcon_pkg']
[0.939s] Level 1:colcon.colcon_core.package_identification:_identify(src/uros/micro-ROS-Agent) by extension 'colcon_pkg'
[0.939s] Level 1:colcon.colcon_core.package_identification:_identify(src/uros/micro-ROS-Agent) by extensions ['colcon_meta']
[0.939s] Level 1:colcon.colcon_core.package_identification:_identify(src/uros/micro-ROS-Agent) by extension 'colcon_meta'
[0.939s] Level 1:colcon.colcon_core.package_identification:_identify(src/uros/micro-ROS-Agent) by extensions ['ros']
[0.939s] Level 1:colcon.colcon_core.package_identification:_identify(src/uros/micro-ROS-Agent) by extension 'ros'
[0.940s] Level 1:colcon.colcon_core.package_identification:_identify(src/uros/micro-ROS-Agent) by extensions ['cmake', 'python']
[0.940s] Level 1:colcon.colcon_core.package_identification:_identify(src/uros/micro-ROS-Agent) by extension 'cmake'
[0.940s] Level 1:colcon.colcon_core.package_identification:_identify(src/uros/micro-ROS-Agent) by extension 'python'
[0.940s] Level 1:colcon.colcon_core.package_identification:_identify(src/uros/micro-ROS-Agent) by extensions ['python_setup_py']
[0.941s] Level 1:colcon.colcon_core.package_identification:_identify(src/uros/micro-ROS-Agent) by extension 'python_setup_py'
[0.941s] Level 1:colcon.colcon_core.package_identification:_identify(src/uros/micro-ROS-Agent/micro_ros_agent) by extensions ['ignore', 'ignore_ament_install']
[0.941s] Level 1:colcon.colcon_core.package_identification:_identify(src/uros/micro-ROS-Agent/micro_ros_agent) by extension 'ignore'
[0.942s] Level 1:colcon.colcon_core.package_identification:_identify(src/uros/micro-ROS-Agent/micro_ros_agent) by extension 'ignore_ament_install'
[0.942s] Level 1:colcon.colcon_core.package_identification:_identify(src/uros/micro-ROS-Agent/micro_ros_agent) by extensions ['colcon_pkg']
[0.942s] Level 1:colcon.colcon_core.package_identification:_identify(src/uros/micro-ROS-Agent/micro_ros_agent) by extension 'colcon_pkg'
[0.942s] Level 1:colcon.colcon_core.package_identification:_identify(src/uros/micro-ROS-Agent/micro_ros_agent) by extensions ['colcon_meta']
[0.942s] Level 1:colcon.colcon_core.package_identification:_identify(src/uros/micro-ROS-Agent/micro_ros_agent) by extension 'colcon_meta'
[0.943s] Level 1:colcon.colcon_core.package_identification:_identify(src/uros/micro-ROS-Agent/micro_ros_agent) by extensions ['ros']
[0.943s] Level 1:colcon.colcon_core.package_identification:_identify(src/uros/micro-ROS-Agent/micro_ros_agent) by extension 'ros'
[0.947s] DEBUG:colcon.colcon_core.package_identification:Package 'src/uros/micro-ROS-Agent/micro_ros_agent' with type 'ros.ament_cmake' and name 'micro_ros_agent'
[0.948s] Level 1:colcon.colcon_core.package_identification:_identify(src/uros/micro-ROS-Agent/snap) by extensions ['ignore', 'ignore_ament_install']
[0.948s] Level 1:colcon.colcon_core.package_identification:_identify(src/uros/micro-ROS-Agent/snap) by extension 'ignore'
[0.948s] Level 1:colcon.colcon_core.package_identification:_identify(src/uros/micro-ROS-Agent/snap) by extension 'ignore_ament_install'
[0.949s] Level 1:colcon.colcon_core.package_identification:_identify(src/uros/micro-ROS-Agent/snap) by extensions ['colcon_pkg']
[0.949s] Level 1:colcon.colcon_core.package_identification:_identify(src/uros/micro-ROS-Agent/snap) by extension 'colcon_pkg'
[0.949s] Level 1:colcon.colcon_core.package_identification:_identify(src/uros/micro-ROS-Agent/snap) by extensions ['colcon_meta']
[0.949s] Level 1:colcon.colcon_core.package_identification:_identify(src/uros/micro-ROS-Agent/snap) by extension 'colcon_meta'
[0.949s] Level 1:colcon.colcon_core.package_identification:_identify(src/uros/micro-ROS-Agent/snap) by extensions ['ros']
[0.950s] Level 1:colcon.colcon_core.package_identification:_identify(src/uros/micro-ROS-Agent/snap) by extension 'ros'
[0.950s] Level 1:colcon.colcon_core.package_identification:_identify(src/uros/micro-ROS-Agent/snap) by extensions ['cmake', 'python']
[0.950s] Level 1:colcon.colcon_core.package_identification:_identify(src/uros/micro-ROS-Agent/snap) by extension 'cmake'
[0.951s] Level 1:colcon.colcon_core.package_identification:_identify(src/uros/micro-ROS-Agent/snap) by extension 'python'
[0.951s] Level 1:colcon.colcon_core.package_identification:_identify(src/uros/micro-ROS-Agent/snap) by extensions ['python_setup_py']
[0.951s] Level 1:colcon.colcon_core.package_identification:_identify(src/uros/micro-ROS-Agent/snap) by extension 'python_setup_py'
[0.951s] Level 1:colcon.colcon_core.package_identification:_identify(src/uros/micro-ROS-Agent/snap/hooks) by extensions ['ignore', 'ignore_ament_install']
[0.952s] Level 1:colcon.colcon_core.package_identification:_identify(src/uros/micro-ROS-Agent/snap/hooks) by extension 'ignore'
[0.952s] Level 1:colcon.colcon_core.package_identification:_identify(src/uros/micro-ROS-Agent/snap/hooks) by extension 'ignore_ament_install'
[0.952s] Level 1:colcon.colcon_core.package_identification:_identify(src/uros/micro-ROS-Agent/snap/hooks) by extensions ['colcon_pkg']
[0.952s] Level 1:colcon.colcon_core.package_identification:_identify(src/uros/micro-ROS-Agent/snap/hooks) by extension 'colcon_pkg'
[0.953s] Level 1:colcon.colcon_core.package_identification:_identify(src/uros/micro-ROS-Agent/snap/hooks) by extensions ['colcon_meta']
[0.953s] Level 1:colcon.colcon_core.package_identification:_identify(src/uros/micro-ROS-Agent/snap/hooks) by extension 'colcon_meta'
[0.953s] Level 1:colcon.colcon_core.package_identification:_identify(src/uros/micro-ROS-Agent/snap/hooks) by extensions ['ros']
[0.953s] Level 1:colcon.colcon_core.package_identification:_identify(src/uros/micro-ROS-Agent/snap/hooks) by extension 'ros'
[0.953s] Level 1:colcon.colcon_core.package_identification:_identify(src/uros/micro-ROS-Agent/snap/hooks) by extensions ['cmake', 'python']
[0.954s] Level 1:colcon.colcon_core.package_identification:_identify(src/uros/micro-ROS-Agent/snap/hooks) by extension 'cmake'
[0.954s] Level 1:colcon.colcon_core.package_identification:_identify(src/uros/micro-ROS-Agent/snap/hooks) by extension 'python'
[0.954s] Level 1:colcon.colcon_core.package_identification:_identify(src/uros/micro-ROS-Agent/snap/hooks) by extensions ['python_setup_py']
[0.954s] Level 1:colcon.colcon_core.package_identification:_identify(src/uros/micro-ROS-Agent/snap/hooks) by extension 'python_setup_py'
[0.955s] Level 1:colcon.colcon_core.package_identification:_identify(src/uros/micro-ROS-Agent/snap/local) by extensions ['ignore', 'ignore_ament_install']
[0.955s] Level 1:colcon.colcon_core.package_identification:_identify(src/uros/micro-ROS-Agent/snap/local) by extension 'ignore'
[0.956s] Level 1:colcon.colcon_core.package_identification:_identify(src/uros/micro-ROS-Agent/snap/local) by extension 'ignore_ament_install'
[0.956s] Level 1:colcon.colcon_core.package_identification:_identify(src/uros/micro-ROS-Agent/snap/local) by extensions ['colcon_pkg']
[0.956s] Level 1:colcon.colcon_core.package_identification:_identify(src/uros/micro-ROS-Agent/snap/local) by extension 'colcon_pkg'
[0.956s] Level 1:colcon.colcon_core.package_identification:_identify(src/uros/micro-ROS-Agent/snap/local) by extensions ['colcon_meta']
[0.956s] Level 1:colcon.colcon_core.package_identification:_identify(src/uros/micro-ROS-Agent/snap/local) by extension 'colcon_meta'
[0.957s] Level 1:colcon.colcon_core.package_identification:_identify(src/uros/micro-ROS-Agent/snap/local) by extensions ['ros']
[0.957s] Level 1:colcon.colcon_core.package_identification:_identify(src/uros/micro-ROS-Agent/snap/local) by extension 'ros'
[0.957s] Level 1:colcon.colcon_core.package_identification:_identify(src/uros/micro-ROS-Agent/snap/local) by extensions ['cmake', 'python']
[0.957s] Level 1:colcon.colcon_core.package_identification:_identify(src/uros/micro-ROS-Agent/snap/local) by extension 'cmake'
[0.957s] Level 1:colcon.colcon_core.package_identification:_identify(src/uros/micro-ROS-Agent/snap/local) by extension 'python'
[0.958s] Level 1:colcon.colcon_core.package_identification:_identify(src/uros/micro-ROS-Agent/snap/local) by extensions ['python_setup_py']
[0.958s] Level 1:colcon.colcon_core.package_identification:_identify(src/uros/micro-ROS-Agent/snap/local) by extension 'python_setup_py'
[0.958s] Level 1:colcon.colcon_core.package_identification:_identify(src/uros/micro_ros_msgs) by extensions ['ignore', 'ignore_ament_install']
[0.959s] Level 1:colcon.colcon_core.package_identification:_identify(src/uros/micro_ros_msgs) by extension 'ignore'
[0.959s] Level 1:colcon.colcon_core.package_identification:_identify(src/uros/micro_ros_msgs) by extension 'ignore_ament_install'
[0.959s] Level 1:colcon.colcon_core.package_identification:_identify(src/uros/micro_ros_msgs) by extensions ['colcon_pkg']
[0.959s] Level 1:colcon.colcon_core.package_identification:_identify(src/uros/micro_ros_msgs) by extension 'colcon_pkg'
[0.959s] Level 1:colcon.colcon_core.package_identification:_identify(src/uros/micro_ros_msgs) by extensions ['colcon_meta']
[0.960s] Level 1:colcon.colcon_core.package_identification:_identify(src/uros/micro_ros_msgs) by extension 'colcon_meta'
[0.960s] Level 1:colcon.colcon_core.package_identification:_identify(src/uros/micro_ros_msgs) by extensions ['ros']
[0.960s] Level 1:colcon.colcon_core.package_identification:_identify(src/uros/micro_ros_msgs) by extension 'ros'
[0.962s] DEBUG:colcon.colcon_core.package_identification:Package 'src/uros/micro_ros_msgs' with type 'ros.ament_cmake' and name 'micro_ros_msgs'
[0.963s] Level 1:colcon.colcon_core.package_discovery:discover_packages(recursive) using defaults
[0.963s] Level 1:colcon.colcon_core.package_discovery:discover_packages(ignore) discover
[0.963s] Level 1:colcon.colcon_core.package_discovery:discover_packages(ignore) using defaults
[0.963s] Level 1:colcon.colcon_core.package_discovery:discover_packages(path) discover
[0.963s] Level 1:colcon.colcon_core.package_discovery:discover_packages(path) using defaults
[1.056s] INFO:colcon.colcon_core.package_selection:Skipping package 'micro_ros_setup' in 'src/micro_ros_setup'
[1.058s] Level 5:colcon.colcon_core.verb:set package 'micro_ros_msgs' build argument 'cmake_args' from command line to '['-DUAGENT_BUILD_EXECUTABLE=OFF', '-DUAGENT_P2P_PROFILE=OFF', '--no-warn-unused-cli']'
[1.058s] Level 5:colcon.colcon_core.verb:set package 'micro_ros_msgs' build argument 'cmake_target' from command line to 'None'
[1.058s] Level 5:colcon.colcon_core.verb:set package 'micro_ros_msgs' build argument 'cmake_target_skip_unavailable' from command line to 'False'
[1.058s] Level 5:colcon.colcon_core.verb:set package 'micro_ros_msgs' build argument 'cmake_clean_cache' from command line to 'False'
[1.058s] Level 5:colcon.colcon_core.verb:set package 'micro_ros_msgs' build argument 'cmake_clean_first' from command line to 'False'
[1.059s] Level 5:colcon.colcon_core.verb:set package 'micro_ros_msgs' build argument 'cmake_force_configure' from command line to 'False'
[1.059s] Level 5:colcon.colcon_core.verb:set package 'micro_ros_msgs' build argument 'ament_cmake_args' from command line to 'None'
[1.059s] Level 5:colcon.colcon_core.verb:set package 'micro_ros_msgs' build argument 'catkin_cmake_args' from command line to 'None'
[1.059s] Level 5:colcon.colcon_core.verb:set package 'micro_ros_msgs' build argument 'catkin_skip_building_tests' from command line to 'False'
[1.059s] DEBUG:colcon.colcon_core.verb:Building package 'micro_ros_msgs' with the following arguments: {'ament_cmake_args': None, 'build_base': '/home/persistent_ws/build/micro_ros_msgs', 'catkin_cmake_args': None, 'catkin_skip_building_tests': False, 'cmake_args': ['-DUAGENT_BUILD_EXECUTABLE=OFF', '-DUAGENT_P2P_PROFILE=OFF', '--no-warn-unused-cli'], 'cmake_clean_cache': False, 'cmake_clean_first': False, 'cmake_force_configure': False, 'cmake_target': None, 'cmake_target_skip_unavailable': False, 'install_base': '/home/persistent_ws/install/micro_ros_msgs', 'merge_install': False, 'path': '/home/persistent_ws/src/uros/micro_ros_msgs', 'symlink_install': False, 'test_result_base': None}
[1.061s] Level 5:colcon.colcon_core.verb:set package 'micro_ros_agent' build argument 'cmake_args' from command line to '['-DUAGENT_BUILD_EXECUTABLE=OFF', '-DUAGENT_P2P_PROFILE=OFF', '--no-warn-unused-cli']'
[1.061s] Level 5:colcon.colcon_core.verb:set package 'micro_ros_agent' build argument 'cmake_target' from command line to 'None'
[1.061s] Level 5:colcon.colcon_core.verb:set package 'micro_ros_agent' build argument 'cmake_target_skip_unavailable' from command line to 'False'
[1.062s] Level 5:colcon.colcon_core.verb:set package 'micro_ros_agent' build argument 'cmake_clean_cache' from command line to 'False'
[1.062s] Level 5:colcon.colcon_core.verb:set package 'micro_ros_agent' build argument 'cmake_clean_first' from command line to 'False'
[1.062s] Level 5:colcon.colcon_core.verb:set package 'micro_ros_agent' build argument 'cmake_force_configure' from command line to 'False'
[1.062s] Level 5:colcon.colcon_core.verb:set package 'micro_ros_agent' build argument 'ament_cmake_args' from command line to 'None'
[1.062s] Level 5:colcon.colcon_core.verb:set package 'micro_ros_agent' build argument 'catkin_cmake_args' from command line to 'None'
[1.062s] Level 5:colcon.colcon_core.verb:set package 'micro_ros_agent' build argument 'catkin_skip_building_tests' from command line to 'False'
[1.062s] DEBUG:colcon.colcon_core.verb:Building package 'micro_ros_agent' with the following arguments: {'ament_cmake_args': None, 'build_base': '/home/persistent_ws/build/micro_ros_agent', 'catkin_cmake_args': None, 'catkin_skip_building_tests': False, 'cmake_args': ['-DUAGENT_BUILD_EXECUTABLE=OFF', '-DUAGENT_P2P_PROFILE=OFF', '--no-warn-unused-cli'], 'cmake_clean_cache': False, 'cmake_clean_first': False, 'cmake_force_configure': False, 'cmake_target': None, 'cmake_target_skip_unavailable': False, 'install_base': '/home/persistent_ws/install/micro_ros_agent', 'merge_install': False, 'path': '/home/persistent_ws/src/uros/micro-ROS-Agent/micro_ros_agent', 'symlink_install': False, 'test_result_base': None}
[1.063s] INFO:colcon.colcon_core.executor:Executing jobs using 'parallel' executor
[1.067s] DEBUG:colcon.colcon_parallel_executor.executor.parallel:run_until_complete
[1.068s] INFO:colcon.colcon_ros.task.ament_cmake.build:Building ROS package in '/home/persistent_ws/src/uros/micro_ros_msgs' with build type 'ament_cmake'
[1.069s] INFO:colcon.colcon_cmake.task.cmake.build:Building CMake package in '/home/persistent_ws/src/uros/micro_ros_msgs'
[1.078s] INFO:colcon.colcon_core.plugin_system:Skipping extension 'colcon_core.shell.bat': Not used on non-Windows systems
[1.079s] INFO:colcon.colcon_core.shell:Skip shell extension 'powershell' for command environment: Not usable outside of PowerShell
[1.079s] DEBUG:colcon.colcon_core.shell:Skip shell extension 'dsv' for command environment
[1.117s] DEBUG:colcon.colcon_core.event_handler.log_command:Invoking command in '/home/persistent_ws/build/micro_ros_msgs': CMAKE_PREFIX_PATH=${CMAKE_PREFIX_PATH}:/home/ros2_ws/install/mavros_control:/opt/ros/humble /usr/bin/cmake /home/persistent_ws/src/uros/micro_ros_msgs -DUAGENT_BUILD_EXECUTABLE=OFF -DUAGENT_P2P_PROFILE=OFF --no-warn-unused-cli -DCMAKE_INSTALL_PREFIX=/home/persistent_ws/install/micro_ros_msgs
[8.829s] DEBUG:colcon.colcon_core.event_handler.log_command:Invoked command in '/home/persistent_ws/build/micro_ros_msgs' returned '0': CMAKE_PREFIX_PATH=${CMAKE_PREFIX_PATH}:/home/ros2_ws/install/mavros_control:/opt/ros/humble /usr/bin/cmake /home/persistent_ws/src/uros/micro_ros_msgs -DUAGENT_BUILD_EXECUTABLE=OFF -DUAGENT_P2P_PROFILE=OFF --no-warn-unused-cli -DCMAKE_INSTALL_PREFIX=/home/persistent_ws/install/micro_ros_msgs
[8.838s] DEBUG:colcon.colcon_core.event_handler.log_command:Invoking command in '/home/persistent_ws/build/micro_ros_msgs': CMAKE_PREFIX_PATH=${CMAKE_PREFIX_PATH}:/home/ros2_ws/install/mavros_control:/opt/ros/humble /usr/bin/cmake --build /home/persistent_ws/build/micro_ros_msgs -- -j4 -l4
[32.436s] DEBUG:colcon.colcon_core.event_handler.log_command:Invoked command in '/home/persistent_ws/build/micro_ros_msgs' returned '0': CMAKE_PREFIX_PATH=${CMAKE_PREFIX_PATH}:/home/ros2_ws/install/mavros_control:/opt/ros/humble /usr/bin/cmake --build /home/persistent_ws/build/micro_ros_msgs -- -j4 -l4
[32.472s] DEBUG:colcon.colcon_core.event_handler.log_command:Invoking command in '/home/persistent_ws/build/micro_ros_msgs': CMAKE_PREFIX_PATH=${CMAKE_PREFIX_PATH}:/home/ros2_ws/install/mavros_control:/opt/ros/humble /usr/bin/cmake --install /home/persistent_ws/build/micro_ros_msgs
[32.846s] Level 1:colcon.colcon_core.environment:create_environment_scripts_only(micro_ros_msgs)
[32.848s] DEBUG:colcon.colcon_core.event_handler.log_command:Invoked command in '/home/persistent_ws/build/micro_ros_msgs' returned '0': CMAKE_PREFIX_PATH=${CMAKE_PREFIX_PATH}:/home/ros2_ws/install/mavros_control:/opt/ros/humble /usr/bin/cmake --install /home/persistent_ws/build/micro_ros_msgs
[32.858s] Level 1:colcon.colcon_core.environment:checking '/home/persistent_ws/install/micro_ros_msgs' for CMake module files
[32.861s] Level 1:colcon.colcon_core.environment:checking '/home/persistent_ws/install/micro_ros_msgs' for CMake config files
[32.864s] Level 1:colcon.colcon_core.shell:create_environment_hook('micro_ros_msgs', 'cmake_prefix_path')
[32.865s] INFO:colcon.colcon_core.shell:Creating environment hook '/home/persistent_ws/install/micro_ros_msgs/share/micro_ros_msgs/hook/cmake_prefix_path.ps1'
[32.867s] INFO:colcon.colcon_core.shell:Creating environment descriptor '/home/persistent_ws/install/micro_ros_msgs/share/micro_ros_msgs/hook/cmake_prefix_path.dsv'
[32.869s] INFO:colcon.colcon_core.shell:Creating environment hook '/home/persistent_ws/install/micro_ros_msgs/share/micro_ros_msgs/hook/cmake_prefix_path.sh'
[32.874s] Level 1:colcon.colcon_core.environment:checking '/home/persistent_ws/install/micro_ros_msgs/lib'
[32.874s] Level 1:colcon.colcon_core.shell:create_environment_hook('micro_ros_msgs', 'ld_library_path_lib')
[32.875s] INFO:colcon.colcon_core.shell:Creating environment hook '/home/persistent_ws/install/micro_ros_msgs/share/micro_ros_msgs/hook/ld_library_path_lib.ps1'
[32.877s] INFO:colcon.colcon_core.shell:Creating environment descriptor '/home/persistent_ws/install/micro_ros_msgs/share/micro_ros_msgs/hook/ld_library_path_lib.dsv'
[32.879s] INFO:colcon.colcon_core.shell:Creating environment hook '/home/persistent_ws/install/micro_ros_msgs/share/micro_ros_msgs/hook/ld_library_path_lib.sh'
[32.881s] Level 1:colcon.colcon_core.environment:checking '/home/persistent_ws/install/micro_ros_msgs/bin'
[32.881s] Level 1:colcon.colcon_core.environment:checking '/home/persistent_ws/install/micro_ros_msgs/lib/pkgconfig/micro_ros_msgs.pc'
[32.889s] Level 1:colcon.colcon_core.environment:checking '/home/persistent_ws/install/micro_ros_msgs/lib/python3.10/site-packages'
[32.890s] Level 1:colcon.colcon_core.environment:checking '/home/persistent_ws/install/micro_ros_msgs/bin'
[32.892s] INFO:colcon.colcon_core.shell:Creating package script '/home/persistent_ws/install/micro_ros_msgs/share/micro_ros_msgs/package.ps1'
[32.896s] INFO:colcon.colcon_core.shell:Creating package descriptor '/home/persistent_ws/install/micro_ros_msgs/share/micro_ros_msgs/package.dsv'
[32.898s] INFO:colcon.colcon_core.shell:Creating package script '/home/persistent_ws/install/micro_ros_msgs/share/micro_ros_msgs/package.sh'
[32.902s] INFO:colcon.colcon_core.shell:Creating package script '/home/persistent_ws/install/micro_ros_msgs/share/micro_ros_msgs/package.bash'
[32.907s] INFO:colcon.colcon_core.shell:Creating package script '/home/persistent_ws/install/micro_ros_msgs/share/micro_ros_msgs/package.zsh'
[32.911s] Level 1:colcon.colcon_core.environment:create_file_with_runtime_dependencies(/home/persistent_ws/install/micro_ros_msgs/share/colcon-core/packages/micro_ros_msgs)
[32.915s] Level 1:colcon.colcon_core.environment:create_environment_scripts_only(micro_ros_msgs)
[32.916s] Level 1:colcon.colcon_core.environment:checking '/home/persistent_ws/install/micro_ros_msgs' for CMake module files
[32.919s] Level 1:colcon.colcon_core.environment:checking '/home/persistent_ws/install/micro_ros_msgs' for CMake config files
[32.921s] Level 1:colcon.colcon_core.shell:create_environment_hook('micro_ros_msgs', 'cmake_prefix_path')
[32.923s] INFO:colcon.colcon_core.shell:Creating environment hook '/home/persistent_ws/install/micro_ros_msgs/share/micro_ros_msgs/hook/cmake_prefix_path.ps1'
[32.925s] INFO:colcon.colcon_core.shell:Creating environment descriptor '/home/persistent_ws/install/micro_ros_msgs/share/micro_ros_msgs/hook/cmake_prefix_path.dsv'
[32.926s] INFO:colcon.colcon_core.shell:Creating environment hook '/home/persistent_ws/install/micro_ros_msgs/share/micro_ros_msgs/hook/cmake_prefix_path.sh'
[32.929s] Level 1:colcon.colcon_core.environment:checking '/home/persistent_ws/install/micro_ros_msgs/lib'
[32.930s] Level 1:colcon.colcon_core.shell:create_environment_hook('micro_ros_msgs', 'ld_library_path_lib')
[32.931s] INFO:colcon.colcon_core.shell:Creating environment hook '/home/persistent_ws/install/micro_ros_msgs/share/micro_ros_msgs/hook/ld_library_path_lib.ps1'
[32.933s] INFO:colcon.colcon_core.shell:Creating environment descriptor '/home/persistent_ws/install/micro_ros_msgs/share/micro_ros_msgs/hook/ld_library_path_lib.dsv'
[32.935s] INFO:colcon.colcon_core.shell:Creating environment hook '/home/persistent_ws/install/micro_ros_msgs/share/micro_ros_msgs/hook/ld_library_path_lib.sh'
[32.937s] Level 1:colcon.colcon_core.environment:checking '/home/persistent_ws/install/micro_ros_msgs/bin'
[32.937s] Level 1:colcon.colcon_core.environment:checking '/home/persistent_ws/install/micro_ros_msgs/lib/pkgconfig/micro_ros_msgs.pc'
[32.938s] Level 1:colcon.colcon_core.environment:checking '/home/persistent_ws/install/micro_ros_msgs/lib/python3.10/site-packages'
[32.939s] Level 1:colcon.colcon_core.environment:checking '/home/persistent_ws/install/micro_ros_msgs/bin'
[32.941s] INFO:colcon.colcon_core.shell:Creating package script '/home/persistent_ws/install/micro_ros_msgs/share/micro_ros_msgs/package.ps1'
[32.943s] INFO:colcon.colcon_core.shell:Creating package descriptor '/home/persistent_ws/install/micro_ros_msgs/share/micro_ros_msgs/package.dsv'
[32.946s] INFO:colcon.colcon_core.shell:Creating package script '/home/persistent_ws/install/micro_ros_msgs/share/micro_ros_msgs/package.sh'
[32.948s] INFO:colcon.colcon_core.shell:Creating package script '/home/persistent_ws/install/micro_ros_msgs/share/micro_ros_msgs/package.bash'
[32.951s] INFO:colcon.colcon_core.shell:Creating package script '/home/persistent_ws/install/micro_ros_msgs/share/micro_ros_msgs/package.zsh'
[32.953s] Level 1:colcon.colcon_core.environment:create_file_with_runtime_dependencies(/home/persistent_ws/install/micro_ros_msgs/share/colcon-core/packages/micro_ros_msgs)
[32.954s] INFO:colcon.colcon_ros.task.ament_cmake.build:Building ROS package in '/home/persistent_ws/src/uros/micro-ROS-Agent/micro_ros_agent' with build type 'ament_cmake'
[32.955s] INFO:colcon.colcon_cmake.task.cmake.build:Building CMake package in '/home/persistent_ws/src/uros/micro-ROS-Agent/micro_ros_agent'
[32.956s] INFO:colcon.colcon_core.shell:Skip shell extension 'powershell' for command environment: Not usable outside of PowerShell
[32.956s] DEBUG:colcon.colcon_core.shell:Skip shell extension 'dsv' for command environment
[32.996s] DEBUG:colcon.colcon_core.event_handler.log_command:Invoking command in '/home/persistent_ws/build/micro_ros_agent': AMENT_PREFIX_PATH=/home/persistent_ws/install/micro_ros_msgs:${AMENT_PREFIX_PATH} CMAKE_PREFIX_PATH=/home/persistent_ws/install/micro_ros_msgs:/home/persistent_ws/install/micro_ros_setup:/home/ros2_ws/install/mavros_control:/opt/ros/humble LD_LIBRARY_PATH=/home/persistent_ws/install/micro_ros_msgs/lib:${LD_LIBRARY_PATH} PYTHONPATH=/home/persistent_ws/install/micro_ros_msgs/local/lib/python3.10/dist-packages:${PYTHONPATH} /usr/bin/cmake /home/persistent_ws/src/uros/micro-ROS-Agent/micro_ros_agent -DUAGENT_BUILD_EXECUTABLE=OFF -DUAGENT_P2P_PROFILE=OFF --no-warn-unused-cli -DCMAKE_INSTALL_PREFIX=/home/persistent_ws/install/micro_ros_agent
[34.292s] DEBUG:colcon.colcon_core.event_handler.log_command:Invoked command in '/home/persistent_ws/build/micro_ros_agent' returned '0': AMENT_PREFIX_PATH=/home/persistent_ws/install/micro_ros_msgs:${AMENT_PREFIX_PATH} CMAKE_PREFIX_PATH=/home/persistent_ws/install/micro_ros_msgs:/home/persistent_ws/install/micro_ros_setup:/home/ros2_ws/install/mavros_control:/opt/ros/humble LD_LIBRARY_PATH=/home/persistent_ws/install/micro_ros_msgs/lib:${LD_LIBRARY_PATH} PYTHONPATH=/home/persistent_ws/install/micro_ros_msgs/local/lib/python3.10/dist-packages:${PYTHONPATH} /usr/bin/cmake /home/persistent_ws/src/uros/micro-ROS-Agent/micro_ros_agent -DUAGENT_BUILD_EXECUTABLE=OFF -DUAGENT_P2P_PROFILE=OFF --no-warn-unused-cli -DCMAKE_INSTALL_PREFIX=/home/persistent_ws/install/micro_ros_agent
[34.297s] DEBUG:colcon.colcon_core.event_handler.log_command:Invoking command in '/home/persistent_ws/build/micro_ros_agent': AMENT_PREFIX_PATH=/home/persistent_ws/install/micro_ros_msgs:${AMENT_PREFIX_PATH} CMAKE_PREFIX_PATH=/home/persistent_ws/install/micro_ros_msgs:/home/persistent_ws/install/micro_ros_setup:/home/ros2_ws/install/mavros_control:/opt/ros/humble LD_LIBRARY_PATH=/home/persistent_ws/install/micro_ros_msgs/lib:${LD_LIBRARY_PATH} PYTHONPATH=/home/persistent_ws/install/micro_ros_msgs/local/lib/python3.10/dist-packages:${PYTHONPATH} /usr/bin/cmake --build /home/persistent_ws/build/micro_ros_agent -- -j4 -l4
[459.304s] DEBUG:colcon.colcon_parallel_executor.executor.parallel:run_until_complete was interrupted
[459.313s] DEBUG:colcon.colcon_parallel_executor.executor.parallel:run_until_complete again
[459.373s] DEBUG:colcon.colcon_core.event_handler.log_command:Invoked command in '/home/persistent_ws/build/micro_ros_agent' returned '-2': AMENT_PREFIX_PATH=/home/persistent_ws/install/micro_ros_msgs:${AMENT_PREFIX_PATH} CMAKE_PREFIX_PATH=/home/persistent_ws/install/micro_ros_msgs:/home/persistent_ws/install/micro_ros_setup:/home/ros2_ws/install/mavros_control:/opt/ros/humble LD_LIBRARY_PATH=/home/persistent_ws/install/micro_ros_msgs/lib:${LD_LIBRARY_PATH} PYTHONPATH=/home/persistent_ws/install/micro_ros_msgs/local/lib/python3.10/dist-packages:${PYTHONPATH} /usr/bin/cmake --build /home/persistent_ws/build/micro_ros_agent -- -j4 -l4
[459.374s] Level 1:colcon.colcon_core.environment:create_environment_scripts_only(micro_ros_agent)
[459.375s] Level 1:colcon.colcon_core.environment:checking '/home/persistent_ws/install/micro_ros_agent' for CMake module files
[459.377s] Level 1:colcon.colcon_core.environment:checking '/home/persistent_ws/install/micro_ros_agent' for CMake config files
[459.380s] Level 1:colcon.colcon_core.shell:create_environment_hook('micro_ros_agent', 'cmake_prefix_path')
[459.381s] INFO:colcon.colcon_core.shell:Creating environment hook '/home/persistent_ws/install/micro_ros_agent/share/micro_ros_agent/hook/cmake_prefix_path.ps1'
[459.383s] INFO:colcon.colcon_core.shell:Creating environment descriptor '/home/persistent_ws/install/micro_ros_agent/share/micro_ros_agent/hook/cmake_prefix_path.dsv'
[459.385s] INFO:colcon.colcon_core.shell:Creating environment hook '/home/persistent_ws/install/micro_ros_agent/share/micro_ros_agent/hook/cmake_prefix_path.sh'
[459.387s] Level 1:colcon.colcon_core.environment:checking '/home/persistent_ws/install/micro_ros_agent/lib'
[459.387s] Level 1:colcon.colcon_core.shell:create_environment_hook('micro_ros_agent', 'ld_library_path_lib')
[459.388s] INFO:colcon.colcon_core.shell:Creating environment hook '/home/persistent_ws/install/micro_ros_agent/share/micro_ros_agent/hook/ld_library_path_lib.ps1'
[459.391s] INFO:colcon.colcon_core.shell:Creating environment descriptor '/home/persistent_ws/install/micro_ros_agent/share/micro_ros_agent/hook/ld_library_path_lib.dsv'
[459.392s] INFO:colcon.colcon_core.shell:Creating environment hook '/home/persistent_ws/install/micro_ros_agent/share/micro_ros_agent/hook/ld_library_path_lib.sh'
[459.394s] Level 1:colcon.colcon_core.environment:checking '/home/persistent_ws/install/micro_ros_agent/bin'
[459.394s] Level 1:colcon.colcon_core.environment:checking '/home/persistent_ws/install/micro_ros_agent/lib/pkgconfig/micro_ros_agent.pc'
[459.395s] Level 1:colcon.colcon_core.environment:checking '/home/persistent_ws/install/micro_ros_agent/lib/python3.10/site-packages'
[459.397s] Level 1:colcon.colcon_core.environment:checking '/home/persistent_ws/install/micro_ros_agent/bin'
[459.398s] INFO:colcon.colcon_core.shell:Creating package script '/home/persistent_ws/install/micro_ros_agent/share/micro_ros_agent/package.ps1'
[459.403s] INFO:colcon.colcon_core.shell:Creating package descriptor '/home/persistent_ws/install/micro_ros_agent/share/micro_ros_agent/package.dsv'
[459.406s] INFO:colcon.colcon_core.shell:Creating package script '/home/persistent_ws/install/micro_ros_agent/share/micro_ros_agent/package.sh'
[459.408s] INFO:colcon.colcon_core.shell:Creating package script '/home/persistent_ws/install/micro_ros_agent/share/micro_ros_agent/package.bash'
[459.411s] INFO:colcon.colcon_core.shell:Creating package script '/home/persistent_ws/install/micro_ros_agent/share/micro_ros_agent/package.zsh'
[459.413s] Level 1:colcon.colcon_core.environment:create_file_with_runtime_dependencies(/home/persistent_ws/install/micro_ros_agent/share/colcon-core/packages/micro_ros_agent)
[459.425s] DEBUG:colcon.colcon_parallel_executor.executor.parallel:run_until_complete finished
[459.425s] DEBUG:colcon.colcon_parallel_executor.executor.parallel:closing loop
[459.425s] DEBUG:colcon.colcon_parallel_executor.executor.parallel:loop closed
[459.425s] DEBUG:colcon.colcon_core.event_reactor:joining thread
[459.447s] INFO:colcon.colcon_core.plugin_system:Skipping extension 'colcon_notification.desktop_notification.notify_send': Could not find 'notify-send'
[459.447s] INFO:colcon.colcon_core.plugin_system:Skipping extension 'colcon_notification.desktop_notification.terminal_notifier': Not used on non-Darwin systems
[459.448s] INFO:colcon.colcon_core.plugin_system:Skipping extension 'colcon_notification.desktop_notification.win32': Not used on non-Windows systems
[459.448s] INFO:colcon.colcon_notification.desktop_notification:Sending desktop notification using 'notify2'
[459.448s] DEBUG:colcon.colcon_notification.desktop_notification.notify2:Failed to initialize notify2: org.freedesktop.DBus.Error.NotSupported: Unable to autolaunch a dbus-daemon without a $DISPLAY for X11
[459.448s] DEBUG:colcon.colcon_core.event_reactor:joined thread
[459.449s] INFO:colcon.colcon_core.shell:Creating prefix script '/home/persistent_ws/install/local_setup.ps1'
[459.454s] INFO:colcon.colcon_core.shell:Creating prefix util module '/home/persistent_ws/install/_local_setup_util_ps1.py'
[459.461s] INFO:colcon.colcon_core.shell:Creating prefix chain script '/home/persistent_ws/install/setup.ps1'
[459.466s] INFO:colcon.colcon_core.shell:Creating prefix script '/home/persistent_ws/install/local_setup.sh'
[459.468s] INFO:colcon.colcon_core.shell:Creating prefix util module '/home/persistent_ws/install/_local_setup_util_sh.py'
[459.472s] INFO:colcon.colcon_core.shell:Creating prefix chain script '/home/persistent_ws/install/setup.sh'
[459.478s] INFO:colcon.colcon_core.shell:Creating prefix script '/home/persistent_ws/install/local_setup.bash'
[459.480s] INFO:colcon.colcon_core.shell:Creating prefix chain script '/home/persistent_ws/install/setup.bash'
[459.485s] INFO:colcon.colcon_core.shell:Creating prefix script '/home/persistent_ws/install/local_setup.zsh'
[459.488s] INFO:colcon.colcon_core.shell:Creating prefix chain script '/home/persistent_ws/install/setup.zsh'
